[    5130ms] [LOG] %c __                                               _____          __          __           ______          v1.0.0
/\ \       __                                    /\  __`\       /\ \      __/\ \__       /\__  _\                       
\ \ \     /\_\    ___      __     __     _ __    \ \ \/\ \  _ __\ \ \____/\_\ \ ,_\      \/_/\ \/     ___     ___       
 \ \ \  __\/\ \ /' _ `\  /'__`\ /'__`\  /\`'__\   \ \ \ \ \/\`'__\ \ '__`\/\ \ \ \/         \ \ \   /' _ `\  /'___\     
  \ \ \L\ \\ \ \/\ \/\ \/\  __//\ \L\.\_\ \ \/     \ \ \_\ \ \ \/ \ \ \L\ \ \ \ \ \_  __     \_\ \__/\ \/\ \/\ \__/  __ 
   \ \____/ \ \_\ \_\ \_\ \____\ \__/.\_\\ \_\      \ \_____\ \_\  \ \_,__/\ \_\ \__\/\ \    /\_____\ \_\ \_\ \____\/\_\
    \/___/   \/_/\/_/\/_/\/____/\/__/\/_/ \/_/       \/_____/\/_/   \/___/  \/_/\/__/\ \/    \/_____/\/_/\/_/\/____/\/_/
                                                                                      \/

The product development system for teams and agents

WE'RE HIRING: https://linear.app/careers
CHANGELOG:    https://linear.app/changelog
 
  font-family: monospace;
  color: #282A30;
   @ https://static.linear.app/web/_next/static/chunks/98203-f5b24fc4780c4220.js:0
[   14829ms] [WARNING] The resource https://static.linear.app/web/_next/static/css/fc8bf745806a3a89.css was preloaded using link preload but not used within a few seconds from the window's load event. Please make sure it has an appropriate `as` value and it is preloaded intentionally. @ https://linear.app/:0
[   14829ms] [WARNING] The resource https://static.linear.app/web/_next/static/css/39af3cfbed77b5dd.css was preloaded using link preload but not used within a few seconds from the window's load event. Please make sure it has an appropriate `as` value and it is preloaded intentionally. @ https://linear.app/:0
[   14829ms] [WARNING] The resource https://static.linear.app/web/_next/static/css/b7fe26f7b7636797.css was preloaded using link preload but not used within a few seconds from the window's load event. Please make sure it has an appropriate `as` value and it is preloaded intentionally. @ https://linear.app/:0
[   14829ms] [WARNING] The resource https://static.linear.app/web/_next/static/css/c9cc1de09bd1a962.css was preloaded using link preload but not used within a few seconds from the window's load event. Please make sure it has an appropriate `as` value and it is preloaded intentionally. @ https://linear.app/:0
[   14829ms] [WARNING] The resource https://static.linear.app/web/_next/static/css/b5a82a1c2758bb20.css was preloaded using link preload but not used within a few seconds from the window's load event. Please make sure it has an appropriate `as` value and it is preloaded intentionally. @ https://linear.app/:0
[   14829ms] [WARNING] The resource https://static.linear.app/web/_next/static/css/6a943a69bb849652.css was preloaded using link preload but not used within a few seconds from the window's load event. Please make sure it has an appropriate `as` value and it is preloaded intentionally. @ https://linear.app/:0
[   68105ms] [WARNING] The resource https://static.linear.app/web/_next/static/css/fc8bf745806a3a89.css was preloaded using link preload but not used within a few seconds from the window's load event. Please make sure it has an appropriate `as` value and it is preloaded intentionally. @ https://linear.app/:0
[   68105ms] [WARNING] The resource https://static.linear.app/web/_next/static/css/39af3cfbed77b5dd.css was preloaded using link preload but not used within a few seconds from the window's load event. Please make sure it has an appropriate `as` value and it is preloaded intentionally. @ https://linear.app/:0
[   68105ms] [WARNING] The resource https://static.linear.app/web/_next/static/css/b7fe26f7b7636797.css was preloaded using link preload but not used within a few seconds from the window's load event. Please make sure it has an appropriate `as` value and it is preloaded intentionally. @ https://linear.app/:0
[   68105ms] [WARNING] The resource https://static.linear.app/web/_next/static/css/c9cc1de09bd1a962.css was preloaded using link preload but not used within a few seconds from the window's load event. Please make sure it has an appropriate `as` value and it is preloaded intentionally. @ https://linear.app/:0
[   68105ms] [WARNING] The resource https://static.linear.app/web/_next/static/css/b5a82a1c2758bb20.css was preloaded using link preload but not used within a few seconds from the window's load event. Please make sure it has an appropriate `as` value and it is preloaded intentionally. @ https://linear.app/:0
[   68105ms] [WARNING] The resource https://static.linear.app/web/_next/static/css/6a943a69bb849652.css was preloaded using link preload but not used within a few seconds from the window's load event. Please make sure it has an appropriate `as` value and it is preloaded intentionally. @ https://linear.app/:0
[  128116ms] [WARNING] The resource https://static.linear.app/web/_next/static/css/fc8bf745806a3a89.css was preloaded using link preload but not used within a few seconds from the window's load event. Please make sure it has an appropriate `as` value and it is preloaded intentionally. @ https://linear.app/:0
[  128116ms] [WARNING] The resource https://static.linear.app/web/_next/static/css/39af3cfbed77b5dd.css was preloaded using link preload but not used within a few seconds from the window's load event. Please make sure it has an appropriate `as` value and it is preloaded intentionally. @ https://linear.app/:0
[  128116ms] [WARNING] The resource https://static.linear.app/web/_next/static/css/b7fe26f7b7636797.css was preloaded using link preload but not used within a few seconds from the window's load event. Please make sure it has an appropriate `as` value and it is preloaded intentionally. @ https://linear.app/:0
[  128116ms] [WARNING] The resource https://static.linear.app/web/_next/static/css/c9cc1de09bd1a962.css was preloaded using link preload but not used within a few seconds from the window's load event. Please make sure it has an appropriate `as` value and it is preloaded intentionally. @ https://linear.app/:0
[  128116ms] [WARNING] The resource https://static.linear.app/web/_next/static/css/b5a82a1c2758bb20.css was preloaded using link preload but not used within a few seconds from the window's load event. Please make sure it has an appropriate `as` value and it is preloaded intentionally. @ https://linear.app/:0
[  128116ms] [WARNING] The resource https://static.linear.app/web/_next/static/css/6a943a69bb849652.css was preloaded using link preload but not used within a few seconds from the window's load event. Please make sure it has an appropriate `as` value and it is preloaded intentionally. @ https://linear.app/:0
[  188121ms] [WARNING] The resource https://static.linear.app/web/_next/static/css/fc8bf745806a3a89.css was preloaded using link preload but not used within a few seconds from the window's load event. Please make sure it has an appropriate `as` value and it is preloaded intentionally. @ https://linear.app/:0
[  188121ms] [WARNING] The resource https://static.linear.app/web/_next/static/css/39af3cfbed77b5dd.css was preloaded using link preload but not used within a few seconds from the window's load event. Please make sure it has an appropriate `as` value and it is preloaded intentionally. @ https://linear.app/:0
[  188121ms] [WARNING] The resource https://static.linear.app/web/_next/static/css/b7fe26f7b7636797.css was preloaded using link preload but not used within a few seconds from the window's load event. Please make sure it has an appropriate `as` value and it is preloaded intentionally. @ https://linear.app/:0
[  188121ms] [WARNING] The resource https://static.linear.app/web/_next/static/css/c9cc1de09bd1a962.css was preloaded using link preload but not used within a few seconds from the window's load event. Please make sure it has an appropriate `as` value and it is preloaded intentionally. @ https://linear.app/:0
[  188121ms] [WARNING] The resource https://static.linear.app/web/_next/static/css/b5a82a1c2758bb20.css was preloaded using link preload but not used within a few seconds from the window's load event. Please make sure it has an appropriate `as` value and it is preloaded intentionally. @ https://linear.app/:0
[  188121ms] [WARNING] The resource https://static.linear.app/web/_next/static/css/6a943a69bb849652.css was preloaded using link preload but not used within a few seconds from the window's load event. Please make sure it has an appropriate `as` value and it is preloaded intentionally. @ https://linear.app/:0
[  248405ms] [WARNING] The resource https://static.linear.app/web/_next/static/css/fc8bf745806a3a89.css was preloaded using link preload but not used within a few seconds from the window's load event. Please make sure it has an appropriate `as` value and it is preloaded intentionally. @ https://linear.app/:0
[  248405ms] [WARNING] The resource https://static.linear.app/web/_next/static/css/39af3cfbed77b5dd.css was preloaded using link preload but not used within a few seconds from the window's load event. Please make sure it has an appropriate `as` value and it is preloaded intentionally. @ https://linear.app/:0
[  248406ms] [WARNING] The resource https://static.linear.app/web/_next/static/css/b7fe26f7b7636797.css was preloaded using link preload but not used within a few seconds from the window's load event. Please make sure it has an appropriate `as` value and it is preloaded intentionally. @ https://linear.app/:0
[  248406ms] [WARNING] The resource https://static.linear.app/web/_next/static/css/c9cc1de09bd1a962.css was preloaded using link preload but not used within a few seconds from the window's load event. Please make sure it has an appropriate `as` value and it is preloaded intentionally. @ https://linear.app/:0
[  248406ms] [WARNING] The resource https://static.linear.app/web/_next/static/css/b5a82a1c2758bb20.css was preloaded using link preload but not used within a few seconds from the window's load event. Please make sure it has an appropriate `as` value and it is preloaded intentionally. @ https://linear.app/:0
[  248406ms] [WARNING] The resource https://static.linear.app/web/_next/static/css/6a943a69bb849652.css was preloaded using link preload but not used within a few seconds from the window's load event. Please make sure it has an appropriate `as` value and it is preloaded intentionally. @ https://linear.app/:0
[  308403ms] [WARNING] The resource https://static.linear.app/web/_next/static/css/fc8bf745806a3a89.css was preloaded using link preload but not used within a few seconds from the window's load event. Please make sure it has an appropriate `as` value and it is preloaded intentionally. @ https://linear.app/:0
[  308404ms] [WARNING] The resource https://static.linear.app/web/_next/static/css/39af3cfbed77b5dd.css was preloaded using link preload but not used within a few seconds from the window's load event. Please make sure it has an appropriate `as` value and it is preloaded intentionally. @ https://linear.app/:0
[  308404ms] [WARNING] The resource https://static.linear.app/web/_next/static/css/b7fe26f7b7636797.css was preloaded using link preload but not used within a few seconds from the window's load event. Please make sure it has an appropriate `as` value and it is preloaded intentionally. @ https://linear.app/:0
[  308404ms] [WARNING] The resource https://static.linear.app/web/_next/static/css/c9cc1de09bd1a962.css was preloaded using link preload but not used within a few seconds from the window's load event. Please make sure it has an appropriate `as` value and it is preloaded intentionally. @ https://linear.app/:0
[  308404ms] [WARNING] The resource https://static.linear.app/web/_next/static/css/b5a82a1c2758bb20.css was preloaded using link preload but not used within a few seconds from the window's load event. Please make sure it has an appropriate `as` value and it is preloaded intentionally. @ https://linear.app/:0
[  308404ms] [WARNING] The resource https://static.linear.app/web/_next/static/css/6a943a69bb849652.css was preloaded using link preload but not used within a few seconds from the window's load event. Please make sure it has an appropriate `as` value and it is preloaded intentionally. @ https://linear.app/:0
[  368409ms] [WARNING] The resource https://static.linear.app/web/_next/static/css/fc8bf745806a3a89.css was preloaded using link preload but not used within a few seconds from the window's load event. Please make sure it has an appropriate `as` value and it is preloaded intentionally. @ https://linear.app/:0
[  368409ms] [WARNING] The resource https://static.linear.app/web/_next/static/css/39af3cfbed77b5dd.css was preloaded using link preload but not used within a few seconds from the window's load event. Please make sure it has an appropriate `as` value and it is preloaded intentionally. @ https://linear.app/:0
[  368409ms] [WARNING] The resource https://static.linear.app/web/_next/static/css/b7fe26f7b7636797.css was preloaded using link preload but not used within a few seconds from the window's load event. Please make sure it has an appropriate `as` value and it is preloaded intentionally. @ https://linear.app/:0
[  368409ms] [WARNING] The resource https://static.linear.app/web/_next/static/css/c9cc1de09bd1a962.css was preloaded using link preload but not used within a few seconds from the window's load event. Please make sure it has an appropriate `as` value and it is preloaded intentionally. @ https://linear.app/:0
[  368409ms] [WARNING] The resource https://static.linear.app/web/_next/static/css/b5a82a1c2758bb20.css was preloaded using link preload but not used within a few seconds from the window's load event. Please make sure it has an appropriate `as` value and it is preloaded intentionally. @ https://linear.app/:0
[  368409ms] [WARNING] The resource https://static.linear.app/web/_next/static/css/6a943a69bb849652.css was preloaded using link preload but not used within a few seconds from the window's load event. Please make sure it has an appropriate `as` value and it is preloaded intentionally. @ https://linear.app/:0
[  428418ms] [WARNING] The resource https://static.linear.app/web/_next/static/css/fc8bf745806a3a89.css was preloaded using link preload but not used within a few seconds from the window's load event. Please make sure it has an appropriate `as` value and it is preloaded intentionally. @ https://linear.app/:0
[  428418ms] [WARNING] The resource https://static.linear.app/web/_next/static/css/39af3cfbed77b5dd.css was preloaded using link preload but not used within a few seconds from the window's load event. Please make sure it has an appropriate `as` value and it is preloaded intentionally. @ https://linear.app/:0
[  428418ms] [WARNING] The resource https://static.linear.app/web/_next/static/css/b7fe26f7b7636797.css was preloaded using link preload but not used within a few seconds from the window's load event. Please make sure it has an appropriate `as` value and it is preloaded intentionally. @ https://linear.app/:0
[  428418ms] [WARNING] The resource https://static.linear.app/web/_next/static/css/c9cc1de09bd1a962.css was preloaded using link preload but not used within a few seconds from the window's load event. Please make sure it has an appropriate `as` value and it is preloaded intentionally. @ https://linear.app/:0
[  428418ms] [WARNING] The resource https://static.linear.app/web/_next/static/css/b5a82a1c2758bb20.css was preloaded using link preload but not used within a few seconds from the window's load event. Please make sure it has an appropriate `as` value and it is preloaded intentionally. @ https://linear.app/:0
[  428418ms] [WARNING] The resource https://static.linear.app/web/_next/static/css/6a943a69bb849652.css was preloaded using link preload but not used within a few seconds from the window's load event. Please make sure it has an appropriate `as` value and it is preloaded intentionally. @ https://linear.app/:0
[  488424ms] [WARNING] The resource https://static.linear.app/web/_next/static/css/fc8bf745806a3a89.css was preloaded using link preload but not used within a few seconds from the window's load event. Please make sure it has an appropriate `as` value and it is preloaded intentionally. @ https://linear.app/:0
[  488424ms] [WARNING] The resource https://static.linear.app/web/_next/static/css/39af3cfbed77b5dd.css was preloaded using link preload but not used within a few seconds from the window's load event. Please make sure it has an appropriate `as` value and it is preloaded intentionally. @ https://linear.app/:0
[  488424ms] [WARNING] The resource https://static.linear.app/web/_next/static/css/b7fe26f7b7636797.css was preloaded using link preload but not used within a few seconds from the window's load event. Please make sure it has an appropriate `as` value and it is preloaded intentionally. @ https://linear.app/:0
[  488424ms] [WARNING] The resource https://static.linear.app/web/_next/static/css/c9cc1de09bd1a962.css was preloaded using link preload but not used within a few seconds from the window's load event. Please make sure it has an appropriate `as` value and it is preloaded intentionally. @ https://linear.app/:0
[  488424ms] [WARNING] The resource https://static.linear.app/web/_next/static/css/b5a82a1c2758bb20.css was preloaded using link preload but not used within a few seconds from the window's load event. Please make sure it has an appropriate `as` value and it is preloaded intentionally. @ https://linear.app/:0
[  488425ms] [WARNING] The resource https://static.linear.app/web/_next/static/css/6a943a69bb849652.css was preloaded using link preload but not used within a few seconds from the window's load event. Please make sure it has an appropriate `as` value and it is preloaded intentionally. @ https://linear.app/:0
[  548618ms] [WARNING] The resource https://static.linear.app/web/_next/static/css/fc8bf745806a3a89.css was preloaded using link preload but not used within a few seconds from the window's load event. Please make sure it has an appropriate `as` value and it is preloaded intentionally. @ https://linear.app/:0
[  548618ms] [WARNING] The resource https://static.linear.app/web/_next/static/css/39af3cfbed77b5dd.css was preloaded using link preload but not used within a few seconds from the window's load event. Please make sure it has an appropriate `as` value and it is preloaded intentionally. @ https://linear.app/:0
[  548618ms] [WARNING] The resource https://static.linear.app/web/_next/static/css/b7fe26f7b7636797.css was preloaded using link preload but not used within a few seconds from the window's load event. Please make sure it has an appropriate `as` value and it is preloaded intentionally. @ https://linear.app/:0
[  548619ms] [WARNING] The resource https://static.linear.app/web/_next/static/css/c9cc1de09bd1a962.css was preloaded using link preload but not used within a few seconds from the window's load event. Please make sure it has an appropriate `as` value and it is preloaded intentionally. @ https://linear.app/:0
[  548619ms] [WARNING] The resource https://static.linear.app/web/_next/static/css/b5a82a1c2758bb20.css was preloaded using link preload but not used within a few seconds from the window's load event. Please make sure it has an appropriate `as` value and it is preloaded intentionally. @ https://linear.app/:0
[  548619ms] [WARNING] The resource https://static.linear.app/web/_next/static/css/6a943a69bb849652.css was preloaded using link preload but not used within a few seconds from the window's load event. Please make sure it has an appropriate `as` value and it is preloaded intentionally. @ https://linear.app/:0
[  608623ms] [WARNING] The resource https://static.linear.app/web/_next/static/css/fc8bf745806a3a89.css was preloaded using link preload but not used within a few seconds from the window's load event. Please make sure it has an appropriate `as` value and it is preloaded intentionally. @ https://linear.app/:0
[  608623ms] [WARNING] The resource https://static.linear.app/web/_next/static/css/39af3cfbed77b5dd.css was preloaded using link preload but not used within a few seconds from the window's load event. Please make sure it has an appropriate `as` value and it is preloaded intentionally. @ https://linear.app/:0
[  608623ms] [WARNING] The resource https://static.linear.app/web/_next/static/css/b7fe26f7b7636797.css was preloaded using link preload but not used within a few seconds from the window's load event. Please make sure it has an appropriate `as` value and it is preloaded intentionally. @ https://linear.app/:0
[  608623ms] [WARNING] The resource https://static.linear.app/web/_next/static/css/c9cc1de09bd1a962.css was preloaded using link preload but not used within a few seconds from the window's load event. Please make sure it has an appropriate `as` value and it is preloaded intentionally. @ https://linear.app/:0
[  608623ms] [WARNING] The resource https://static.linear.app/web/_next/static/css/b5a82a1c2758bb20.css was preloaded using link preload but not used within a few seconds from the window's load event. Please make sure it has an appropriate `as` value and it is preloaded intentionally. @ https://linear.app/:0
[  608623ms] [WARNING] The resource https://static.linear.app/web/_next/static/css/6a943a69bb849652.css was preloaded using link preload but not used within a few seconds from the window's load event. Please make sure it has an appropriate `as` value and it is preloaded intentionally. @ https://linear.app/:0
[  668631ms] [WARNING] The resource https://static.linear.app/web/_next/static/css/fc8bf745806a3a89.css was preloaded using link preload but not used within a few seconds from the window's load event. Please make sure it has an appropriate `as` value and it is preloaded intentionally. @ https://linear.app/:0
[  668631ms] [WARNING] The resource https://static.linear.app/web/_next/static/css/39af3cfbed77b5dd.css was preloaded using link preload but not used within a few seconds from the window's load event. Please make sure it has an appropriate `as` value and it is preloaded intentionally. @ https://linear.app/:0
[  668631ms] [WARNING] The resource https://static.linear.app/web/_next/static/css/b7fe26f7b7636797.css was preloaded using link preload but not used within a few seconds from the window's load event. Please make sure it has an appropriate `as` value and it is preloaded intentionally. @ https://linear.app/:0
[  668631ms] [WARNING] The resource https://static.linear.app/web/_next/static/css/c9cc1de09bd1a962.css was preloaded using link preload but not used within a few seconds from the window's load event. Please make sure it has an appropriate `as` value and it is preloaded intentionally. @ https://linear.app/:0
[  668631ms] [WARNING] The resource https://static.linear.app/web/_next/static/css/b5a82a1c2758bb20.css was preloaded using link preload but not used within a few seconds from the window's load event. Please make sure it has an appropriate `as` value and it is preloaded intentionally. @ https://linear.app/:0
[  668631ms] [WARNING] The resource https://static.linear.app/web/_next/static/css/6a943a69bb849652.css was preloaded using link preload but not used within a few seconds from the window's load event. Please make sure it has an appropriate `as` value and it is preloaded intentionally. @ https://linear.app/:0
[  728639ms] [WARNING] The resource https://static.linear.app/web/_next/static/css/fc8bf745806a3a89.css was preloaded using link preload but not used within a few seconds from the window's load event. Please make sure it has an appropriate `as` value and it is preloaded intentionally. @ https://linear.app/:0
[  728639ms] [WARNING] The resource https://static.linear.app/web/_next/static/css/39af3cfbed77b5dd.css was preloaded using link preload but not used within a few seconds from the window's load event. Please make sure it has an appropriate `as` value and it is preloaded intentionally. @ https://linear.app/:0
[  728639ms] [WARNING] The resource https://static.linear.app/web/_next/static/css/b7fe26f7b7636797.css was preloaded using link preload but not used within a few seconds from the window's load event. Please make sure it has an appropriate `as` value and it is preloaded intentionally. @ https://linear.app/:0
[  728639ms] [WARNING] The resource https://static.linear.app/web/_next/static/css/c9cc1de09bd1a962.css was preloaded using link preload but not used within a few seconds from the window's load event. Please make sure it has an appropriate `as` value and it is preloaded intentionally. @ https://linear.app/:0
[  728639ms] [WARNING] The resource https://static.linear.app/web/_next/static/css/b5a82a1c2758bb20.css was preloaded using link preload but not used within a few seconds from the window's load event. Please make sure it has an appropriate `as` value and it is preloaded intentionally. @ https://linear.app/:0
[  728639ms] [WARNING] The resource https://static.linear.app/web/_next/static/css/6a943a69bb849652.css was preloaded using link preload but not used within a few seconds from the window's load event. Please make sure it has an appropriate `as` value and it is preloaded intentionally. @ https://linear.app/:0
[  788642ms] [WARNING] The resource https://static.linear.app/web/_next/static/css/fc8bf745806a3a89.css was preloaded using link preload but not used within a few seconds from the window's load event. Please make sure it has an appropriate `as` value and it is preloaded intentionally. @ https://linear.app/:0
[  788643ms] [WARNING] The resource https://static.linear.app/web/_next/static/css/39af3cfbed77b5dd.css was preloaded using link preload but not used within a few seconds from the window's load event. Please make sure it has an appropriate `as` value and it is preloaded intentionally. @ https://linear.app/:0
[  788643ms] [WARNING] The resource https://static.linear.app/web/_next/static/css/b7fe26f7b7636797.css was preloaded using link preload but not used within a few seconds from the window's load event. Please make sure it has an appropriate `as` value and it is preloaded intentionally. @ https://linear.app/:0
[  788643ms] [WARNING] The resource https://static.linear.app/web/_next/static/css/c9cc1de09bd1a962.css was preloaded using link preload but not used within a few seconds from the window's load event. Please make sure it has an appropriate `as` value and it is preloaded intentionally. @ https://linear.app/:0
[  788643ms] [WARNING] The resource https://static.linear.app/web/_next/static/css/b5a82a1c2758bb20.css was preloaded using link preload but not used within a few seconds from the window's load event. Please make sure it has an appropriate `as` value and it is preloaded intentionally. @ https://linear.app/:0
[  788643ms] [WARNING] The resource https://static.linear.app/web/_next/static/css/6a943a69bb849652.css was preloaded using link preload but not used within a few seconds from the window's load event. Please make sure it has an appropriate `as` value and it is preloaded intentionally. @ https://linear.app/:0
[  849822ms] [WARNING] The resource https://static.linear.app/web/_next/static/css/fc8bf745806a3a89.css was preloaded using link preload but not used within a few seconds from the window's load event. Please make sure it has an appropriate `as` value and it is preloaded intentionally. @ https://linear.app/:0
[  849822ms] [WARNING] The resource https://static.linear.app/web/_next/static/css/39af3cfbed77b5dd.css was preloaded using link preload but not used within a few seconds from the window's load event. Please make sure it has an appropriate `as` value and it is preloaded intentionally. @ https://linear.app/:0
[  849822ms] [WARNING] The resource https://static.linear.app/web/_next/static/css/b7fe26f7b7636797.css was preloaded using link preload but not used within a few seconds from the window's load event. Please make sure it has an appropriate `as` value and it is preloaded intentionally. @ https://linear.app/:0
[  849822ms] [WARNING] The resource https://static.linear.app/web/_next/static/css/c9cc1de09bd1a962.css was preloaded using link preload but not used within a few seconds from the window's load event. Please make sure it has an appropriate `as` value and it is preloaded intentionally. @ https://linear.app/:0
[  849822ms] [WARNING] The resource https://static.linear.app/web/_next/static/css/b5a82a1c2758bb20.css was preloaded using link preload but not used within a few seconds from the window's load event. Please make sure it has an appropriate `as` value and it is preloaded intentionally. @ https://linear.app/:0
[  849822ms] [WARNING] The resource https://static.linear.app/web/_next/static/css/6a943a69bb849652.css was preloaded using link preload but not used within a few seconds from the window's load event. Please make sure it has an appropriate `as` value and it is preloaded intentionally. @ https://linear.app/:0
[  909837ms] [WARNING] The resource https://static.linear.app/web/_next/static/css/fc8bf745806a3a89.css was preloaded using link preload but not used within a few seconds from the window's load event. Please make sure it has an appropriate `as` value and it is preloaded intentionally. @ https://linear.app/:0
[  909837ms] [WARNING] The resource https://static.linear.app/web/_next/static/css/39af3cfbed77b5dd.css was preloaded using link preload but not used within a few seconds from the window's load event. Please make sure it has an appropriate `as` value and it is preloaded intentionally. @ https://linear.app/:0
[  909837ms] [WARNING] The resource https://static.linear.app/web/_next/static/css/b7fe26f7b7636797.css was preloaded using link preload but not used within a few seconds from the window's load event. Please make sure it has an appropriate `as` value and it is preloaded intentionally. @ https://linear.app/:0
[  909837ms] [WARNING] The resource https://static.linear.app/web/_next/static/css/c9cc1de09bd1a962.css was preloaded using link preload but not used within a few seconds from the window's load event. Please make sure it has an appropriate `as` value and it is preloaded intentionally. @ https://linear.app/:0
[  909837ms] [WARNING] The resource https://static.linear.app/web/_next/static/css/b5a82a1c2758bb20.css was preloaded using link preload but not used within a few seconds from the window's load event. Please make sure it has an appropriate `as` value and it is preloaded intentionally. @ https://linear.app/:0
[  909837ms] [WARNING] The resource https://static.linear.app/web/_next/static/css/6a943a69bb849652.css was preloaded using link preload but not used within a few seconds from the window's load event. Please make sure it has an appropriate `as` value and it is preloaded intentionally. @ https://linear.app/:0
[  969839ms] [WARNING] The resource https://static.linear.app/web/_next/static/css/fc8bf745806a3a89.css was preloaded using link preload but not used within a few seconds from the window's load event. Please make sure it has an appropriate `as` value and it is preloaded intentionally. @ https://linear.app/:0
[  969839ms] [WARNING] The resource https://static.linear.app/web/_next/static/css/39af3cfbed77b5dd.css was preloaded using link preload but not used within a few seconds from the window's load event. Please make sure it has an appropriate `as` value and it is preloaded intentionally. @ https://linear.app/:0
[  969839ms] [WARNING] The resource https://static.linear.app/web/_next/static/css/b7fe26f7b7636797.css was preloaded using link preload but not used within a few seconds from the window's load event. Please make sure it has an appropriate `as` value and it is preloaded intentionally. @ https://linear.app/:0
[  969839ms] [WARNING] The resource https://static.linear.app/web/_next/static/css/c9cc1de09bd1a962.css was preloaded using link preload but not used within a few seconds from the window's load event. Please make sure it has an appropriate `as` value and it is preloaded intentionally. @ https://linear.app/:0
[  969839ms] [WARNING] The resource https://static.linear.app/web/_next/static/css/b5a82a1c2758bb20.css was preloaded using link preload but not used within a few seconds from the window's load event. Please make sure it has an appropriate `as` value and it is preloaded intentionally. @ https://linear.app/:0
[  969839ms] [WARNING] The resource https://static.linear.app/web/_next/static/css/6a943a69bb849652.css was preloaded using link preload but not used within a few seconds from the window's load event. Please make sure it has an appropriate `as` value and it is preloaded intentionally. @ https://linear.app/:0
[ 1029852ms] [WARNING] The resource https://static.linear.app/web/_next/static/css/fc8bf745806a3a89.css was preloaded using link preload but not used within a few seconds from the window's load event. Please make sure it has an appropriate `as` value and it is preloaded intentionally. @ https://linear.app/:0
[ 1029852ms] [WARNING] The resource https://static.linear.app/web/_next/static/css/39af3cfbed77b5dd.css was preloaded using link preload but not used within a few seconds from the window's load event. Please make sure it has an appropriate `as` value and it is preloaded intentionally. @ https://linear.app/:0
[ 1029852ms] [WARNING] The resource https://static.linear.app/web/_next/static/css/b7fe26f7b7636797.css was preloaded using link preload but not used within a few seconds from the window's load event. Please make sure it has an appropriate `as` value and it is preloaded intentionally. @ https://linear.app/:0
[ 1029852ms] [WARNING] The resource https://static.linear.app/web/_next/static/css/c9cc1de09bd1a962.css was preloaded using link preload but not used within a few seconds from the window's load event. Please make sure it has an appropriate `as` value and it is preloaded intentionally. @ https://linear.app/:0
[ 1029852ms] [WARNING] The resource https://static.linear.app/web/_next/static/css/b5a82a1c2758bb20.css was preloaded using link preload but not used within a few seconds from the window's load event. Please make sure it has an appropriate `as` value and it is preloaded intentionally. @ https://linear.app/:0
[ 1029852ms] [WARNING] The resource https://static.linear.app/web/_next/static/css/6a943a69bb849652.css was preloaded using link preload but not used within a few seconds from the window's load event. Please make sure it has an appropriate `as` value and it is preloaded intentionally. @ https://linear.app/:0
[ 1089859ms] [WARNING] The resource https://static.linear.app/web/_next/static/css/fc8bf745806a3a89.css was preloaded using link preload but not used within a few seconds from the window's load event. Please make sure it has an appropriate `as` value and it is preloaded intentionally. @ https://linear.app/:0
[ 1089859ms] [WARNING] The resource https://static.linear.app/web/_next/static/css/39af3cfbed77b5dd.css was preloaded using link preload but not used within a few seconds from the window's load event. Please make sure it has an appropriate `as` value and it is preloaded intentionally. @ https://linear.app/:0
[ 1089859ms] [WARNING] The resource https://static.linear.app/web/_next/static/css/b7fe26f7b7636797.css was preloaded using link preload but not used within a few seconds from the window's load event. Please make sure it has an appropriate `as` value and it is preloaded intentionally. @ https://linear.app/:0
[ 1089859ms] [WARNING] The resource https://static.linear.app/web/_next/static/css/c9cc1de09bd1a962.css was preloaded using link preload but not used within a few seconds from the window's load event. Please make sure it has an appropriate `as` value and it is preloaded intentionally. @ https://linear.app/:0
[ 1089859ms] [WARNING] The resource https://static.linear.app/web/_next/static/css/b5a82a1c2758bb20.css was preloaded using link preload but not used within a few seconds from the window's load event. Please make sure it has an appropriate `as` value and it is preloaded intentionally. @ https://linear.app/:0
[ 1089859ms] [WARNING] The resource https://static.linear.app/web/_next/static/css/6a943a69bb849652.css was preloaded using link preload but not used within a few seconds from the window's load event. Please make sure it has an appropriate `as` value and it is preloaded intentionally. @ https://linear.app/:0
[ 1154168ms] [WARNING] The resource https://static.linear.app/web/_next/static/css/fc8bf745806a3a89.css was preloaded using link preload but not used within a few seconds from the window's load event. Please make sure it has an appropriate `as` value and it is preloaded intentionally. @ https://linear.app/:0
[ 1154168ms] [WARNING] The resource https://static.linear.app/web/_next/static/css/39af3cfbed77b5dd.css was preloaded using link preload but not used within a few seconds from the window's load event. Please make sure it has an appropriate `as` value and it is preloaded intentionally. @ https://linear.app/:0
[ 1154168ms] [WARNING] The resource https://static.linear.app/web/_next/static/css/b7fe26f7b7636797.css was preloaded using link preload but not used within a few seconds from the window's load event. Please make sure it has an appropriate `as` value and it is preloaded intentionally. @ https://linear.app/:0
[ 1154168ms] [WARNING] The resource https://static.linear.app/web/_next/static/css/c9cc1de09bd1a962.css was preloaded using link preload but not used within a few seconds from the window's load event. Please make sure it has an appropriate `as` value and it is preloaded intentionally. @ https://linear.app/:0
[ 1154168ms] [WARNING] The resource https://static.linear.app/web/_next/static/css/b5a82a1c2758bb20.css was preloaded using link preload but not used within a few seconds from the window's load event. Please make sure it has an appropriate `as` value and it is preloaded intentionally. @ https://linear.app/:0
[ 1154168ms] [WARNING] The resource https://static.linear.app/web/_next/static/css/6a943a69bb849652.css was preloaded using link preload but not used within a few seconds from the window's load event. Please make sure it has an appropriate `as` value and it is preloaded intentionally. @ https://linear.app/:0
[ 1214171ms] [WARNING] The resource https://static.linear.app/web/_next/static/css/fc8bf745806a3a89.css was preloaded using link preload but not used within a few seconds from the window's load event. Please make sure it has an appropriate `as` value and it is preloaded intentionally. @ https://linear.app/:0
[ 1214172ms] [WARNING] The resource https://static.linear.app/web/_next/static/css/39af3cfbed77b5dd.css was preloaded using link preload but not used within a few seconds from the window's load event. Please make sure it has an appropriate `as` value and it is preloaded intentionally. @ https://linear.app/:0
[ 1214172ms] [WARNING] The resource https://static.linear.app/web/_next/static/css/b7fe26f7b7636797.css was preloaded using link preload but not used within a few seconds from the window's load event. Please make sure it has an appropriate `as` value and it is preloaded intentionally. @ https://linear.app/:0
[ 1214172ms] [WARNING] The resource https://static.linear.app/web/_next/static/css/c9cc1de09bd1a962.css was preloaded using link preload but not used within a few seconds from the window's load event. Please make sure it has an appropriate `as` value and it is preloaded intentionally. @ https://linear.app/:0
[ 1214172ms] [WARNING] The resource https://static.linear.app/web/_next/static/css/b5a82a1c2758bb20.css was preloaded using link preload but not used within a few seconds from the window's load event. Please make sure it has an appropriate `as` value and it is preloaded intentionally. @ https://linear.app/:0
[ 1214172ms] [WARNING] The resource https://static.linear.app/web/_next/static/css/6a943a69bb849652.css was preloaded using link preload but not used within a few seconds from the window's load event. Please make sure it has an appropriate `as` value and it is preloaded intentionally. @ https://linear.app/:0
[ 1274175ms] [WARNING] The resource https://static.linear.app/web/_next/static/css/fc8bf745806a3a89.css was preloaded using link preload but not used within a few seconds from the window's load event. Please make sure it has an appropriate `as` value and it is preloaded intentionally. @ https://linear.app/:0
[ 1274175ms] [WARNING] The resource https://static.linear.app/web/_next/static/css/39af3cfbed77b5dd.css was preloaded using link preload but not used within a few seconds from the window's load event. Please make sure it has an appropriate `as` value and it is preloaded intentionally. @ https://linear.app/:0
[ 1274175ms] [WARNING] The resource https://static.linear.app/web/_next/static/css/b7fe26f7b7636797.css was preloaded using link preload but not used within a few seconds from the window's load event. Please make sure it has an appropriate `as` value and it is preloaded intentionally. @ https://linear.app/:0
[ 1274175ms] [WARNING] The resource https://static.linear.app/web/_next/static/css/c9cc1de09bd1a962.css was preloaded using link preload but not used within a few seconds from the window's load event. Please make sure it has an appropriate `as` value and it is preloaded intentionally. @ https://linear.app/:0
[ 1274175ms] [WARNING] The resource https://static.linear.app/web/_next/static/css/b5a82a1c2758bb20.css was preloaded using link preload but not used within a few seconds from the window's load event. Please make sure it has an appropriate `as` value and it is preloaded intentionally. @ https://linear.app/:0
[ 1274175ms] [WARNING] The resource https://static.linear.app/web/_next/static/css/6a943a69bb849652.css was preloaded using link preload but not used within a few seconds from the window's load event. Please make sure it has an appropriate `as` value and it is preloaded intentionally. @ https://linear.app/:0
[ 1334202ms] [WARNING] The resource https://static.linear.app/web/_next/static/css/fc8bf745806a3a89.css was preloaded using link preload but not used within a few seconds from the window's load event. Please make sure it has an appropriate `as` value and it is preloaded intentionally. @ https://linear.app/:0
[ 1334207ms] [WARNING] The resource https://static.linear.app/web/_next/static/css/39af3cfbed77b5dd.css was preloaded using link preload but not used within a few seconds from the window's load event. Please make sure it has an appropriate `as` value and it is preloaded intentionally. @ https://linear.app/:0
[ 1334207ms] [WARNING] The resource https://static.linear.app/web/_next/static/css/b7fe26f7b7636797.css was preloaded using link preload but not used within a few seconds from the window's load event. Please make sure it has an appropriate `as` value and it is preloaded intentionally. @ https://linear.app/:0
[ 1334207ms] [WARNING] The resource https://static.linear.app/web/_next/static/css/c9cc1de09bd1a962.css was preloaded using link preload but not used within a few seconds from the window's load event. Please make sure it has an appropriate `as` value and it is preloaded intentionally. @ https://linear.app/:0
[ 1334208ms] [WARNING] The resource https://static.linear.app/web/_next/static/css/b5a82a1c2758bb20.css was preloaded using link preload but not used within a few seconds from the window's load event. Please make sure it has an appropriate `as` value and it is preloaded intentionally. @ https://linear.app/:0
[ 1334208ms] [WARNING] The resource https://static.linear.app/web/_next/static/css/6a943a69bb849652.css was preloaded using link preload but not used within a few seconds from the window's load event. Please make sure it has an appropriate `as` value and it is preloaded intentionally. @ https://linear.app/:0
[ 1394208ms] [WARNING] The resource https://static.linear.app/web/_next/static/css/fc8bf745806a3a89.css was preloaded using link preload but not used within a few seconds from the window's load event. Please make sure it has an appropriate `as` value and it is preloaded intentionally. @ https://linear.app/:0
[ 1394208ms] [WARNING] The resource https://static.linear.app/web/_next/static/css/39af3cfbed77b5dd.css was preloaded using link preload but not used within a few seconds from the window's load event. Please make sure it has an appropriate `as` value and it is preloaded intentionally. @ https://linear.app/:0
[ 1394208ms] [WARNING] The resource https://static.linear.app/web/_next/static/css/b7fe26f7b7636797.css was preloaded using link preload but not used within a few seconds from the window's load event. Please make sure it has an appropriate `as` value and it is preloaded intentionally. @ https://linear.app/:0
[ 1394208ms] [WARNING] The resource https://static.linear.app/web/_next/static/css/c9cc1de09bd1a962.css was preloaded using link preload but not used within a few seconds from the window's load event. Please make sure it has an appropriate `as` value and it is preloaded intentionally. @ https://linear.app/:0
[ 1394208ms] [WARNING] The resource https://static.linear.app/web/_next/static/css/b5a82a1c2758bb20.css was preloaded using link preload but not used within a few seconds from the window's load event. Please make sure it has an appropriate `as` value and it is preloaded intentionally. @ https://linear.app/:0
[ 1394208ms] [WARNING] The resource https://static.linear.app/web/_next/static/css/6a943a69bb849652.css was preloaded using link preload but not used within a few seconds from the window's load event. Please make sure it has an appropriate `as` value and it is preloaded intentionally. @ https://linear.app/:0
[ 1454584ms] [WARNING] The resource https://static.linear.app/web/_next/static/css/fc8bf745806a3a89.css was preloaded using link preload but not used within a few seconds from the window's load event. Please make sure it has an appropriate `as` value and it is preloaded intentionally. @ https://linear.app/:0
[ 1454584ms] [WARNING] The resource https://static.linear.app/web/_next/static/css/39af3cfbed77b5dd.css was preloaded using link preload but not used within a few seconds from the window's load event. Please make sure it has an appropriate `as` value and it is preloaded intentionally. @ https://linear.app/:0
[ 1454584ms] [WARNING] The resource https://static.linear.app/web/_next/static/css/b7fe26f7b7636797.css was preloaded using link preload but not used within a few seconds from the window's load event. Please make sure it has an appropriate `as` value and it is preloaded intentionally. @ https://linear.app/:0
[ 1454584ms] [WARNING] The resource https://static.linear.app/web/_next/static/css/c9cc1de09bd1a962.css was preloaded using link preload but not used within a few seconds from the window's load event. Please make sure it has an appropriate `as` value and it is preloaded intentionally. @ https://linear.app/:0
[ 1454584ms] [WARNING] The resource https://static.linear.app/web/_next/static/css/b5a82a1c2758bb20.css was preloaded using link preload but not used within a few seconds from the window's load event. Please make sure it has an appropriate `as` value and it is preloaded intentionally. @ https://linear.app/:0
[ 1454584ms] [WARNING] The resource https://static.linear.app/web/_next/static/css/6a943a69bb849652.css was preloaded using link preload but not used within a few seconds from the window's load event. Please make sure it has an appropriate `as` value and it is preloaded intentionally. @ https://linear.app/:0
[ 1514593ms] [WARNING] The resource https://static.linear.app/web/_next/static/css/fc8bf745806a3a89.css was preloaded using link preload but not used within a few seconds from the window's load event. Please make sure it has an appropriate `as` value and it is preloaded intentionally. @ https://linear.app/:0
[ 1514593ms] [WARNING] The resource https://static.linear.app/web/_next/static/css/39af3cfbed77b5dd.css was preloaded using link preload but not used within a few seconds from the window's load event. Please make sure it has an appropriate `as` value and it is preloaded intentionally. @ https://linear.app/:0
[ 1514593ms] [WARNING] The resource https://static.linear.app/web/_next/static/css/b7fe26f7b7636797.css was preloaded using link preload but not used within a few seconds from the window's load event. Please make sure it has an appropriate `as` value and it is preloaded intentionally. @ https://linear.app/:0
[ 1514593ms] [WARNING] The resource https://static.linear.app/web/_next/static/css/c9cc1de09bd1a962.css was preloaded using link preload but not used within a few seconds from the window's load event. Please make sure it has an appropriate `as` value and it is preloaded intentionally. @ https://linear.app/:0
[ 1514593ms] [WARNING] The resource https://static.linear.app/web/_next/static/css/b5a82a1c2758bb20.css was preloaded using link preload but not used within a few seconds from the window's load event. Please make sure it has an appropriate `as` value and it is preloaded intentionally. @ https://linear.app/:0
[ 1514593ms] [WARNING] The resource https://static.linear.app/web/_next/static/css/6a943a69bb849652.css was preloaded using link preload but not used within a few seconds from the window's load event. Please make sure it has an appropriate `as` value and it is preloaded intentionally. @ https://linear.app/:0
[ 1574600ms] [WARNING] The resource https://static.linear.app/web/_next/static/css/fc8bf745806a3a89.css was preloaded using link preload but not used within a few seconds from the window's load event. Please make sure it has an appropriate `as` value and it is preloaded intentionally. @ https://linear.app/:0
[ 1574600ms] [WARNING] The resource https://static.linear.app/web/_next/static/css/39af3cfbed77b5dd.css was preloaded using link preload but not used within a few seconds from the window's load event. Please make sure it has an appropriate `as` value and it is preloaded intentionally. @ https://linear.app/:0
[ 1574600ms] [WARNING] The resource https://static.linear.app/web/_next/static/css/b7fe26f7b7636797.css was preloaded using link preload but not used within a few seconds from the window's load event. Please make sure it has an appropriate `as` value and it is preloaded intentionally. @ https://linear.app/:0
[ 1574600ms] [WARNING] The resource https://static.linear.app/web/_next/static/css/c9cc1de09bd1a962.css was preloaded using link preload but not used within a few seconds from the window's load event. Please make sure it has an appropriate `as` value and it is preloaded intentionally. @ https://linear.app/:0
[ 1574600ms] [WARNING] The resource https://static.linear.app/web/_next/static/css/b5a82a1c2758bb20.css was preloaded using link preload but not used within a few seconds from the window's load event. Please make sure it has an appropriate `as` value and it is preloaded intentionally. @ https://linear.app/:0
[ 1574600ms] [WARNING] The resource https://static.linear.app/web/_next/static/css/6a943a69bb849652.css was preloaded using link preload but not used within a few seconds from the window's load event. Please make sure it has an appropriate `as` value and it is preloaded intentionally. @ https://linear.app/:0
[ 1634631ms] [WARNING] The resource https://static.linear.app/web/_next/static/css/fc8bf745806a3a89.css was preloaded using link preload but not used within a few seconds from the window's load event. Please make sure it has an appropriate `as` value and it is preloaded intentionally. @ https://linear.app/:0
[ 1634631ms] [WARNING] The resource https://static.linear.app/web/_next/static/css/39af3cfbed77b5dd.css was preloaded using link preload but not used within a few seconds from the window's load event. Please make sure it has an appropriate `as` value and it is preloaded intentionally. @ https://linear.app/:0
[ 1634631ms] [WARNING] The resource https://static.linear.app/web/_next/static/css/b7fe26f7b7636797.css was preloaded using link preload but not used within a few seconds from the window's load event. Please make sure it has an appropriate `as` value and it is preloaded intentionally. @ https://linear.app/:0
[ 1634631ms] [WARNING] The resource https://static.linear.app/web/_next/static/css/c9cc1de09bd1a962.css was preloaded using link preload but not used within a few seconds from the window's load event. Please make sure it has an appropriate `as` value and it is preloaded intentionally. @ https://linear.app/:0
[ 1634631ms] [WARNING] The resource https://static.linear.app/web/_next/static/css/b5a82a1c2758bb20.css was preloaded using link preload but not used within a few seconds from the window's load event. Please make sure it has an appropriate `as` value and it is preloaded intentionally. @ https://linear.app/:0
[ 1634632ms] [WARNING] The resource https://static.linear.app/web/_next/static/css/6a943a69bb849652.css was preloaded using link preload but not used within a few seconds from the window's load event. Please make sure it has an appropriate `as` value and it is preloaded intentionally. @ https://linear.app/:0
[ 1694639ms] [WARNING] The resource https://static.linear.app/web/_next/static/css/fc8bf745806a3a89.css was preloaded using link preload but not used within a few seconds from the window's load event. Please make sure it has an appropriate `as` value and it is preloaded intentionally. @ https://linear.app/:0
[ 1694640ms] [WARNING] The resource https://static.linear.app/web/_next/static/css/39af3cfbed77b5dd.css was preloaded using link preload but not used within a few seconds from the window's load event. Please make sure it has an appropriate `as` value and it is preloaded intentionally. @ https://linear.app/:0
[ 1694640ms] [WARNING] The resource https://static.linear.app/web/_next/static/css/b7fe26f7b7636797.css was preloaded using link preload but not used within a few seconds from the window's load event. Please make sure it has an appropriate `as` value and it is preloaded intentionally. @ https://linear.app/:0
[ 1694640ms] [WARNING] The resource https://static.linear.app/web/_next/static/css/c9cc1de09bd1a962.css was preloaded using link preload but not used within a few seconds from the window's load event. Please make sure it has an appropriate `as` value and it is preloaded intentionally. @ https://linear.app/:0
[ 1694640ms] [WARNING] The resource https://static.linear.app/web/_next/static/css/b5a82a1c2758bb20.css was preloaded using link preload but not used within a few seconds from the window's load event. Please make sure it has an appropriate `as` value and it is preloaded intentionally. @ https://linear.app/:0
[ 1694640ms] [WARNING] The resource https://static.linear.app/web/_next/static/css/6a943a69bb849652.css was preloaded using link preload but not used within a few seconds from the window's load event. Please make sure it has an appropriate `as` value and it is preloaded intentionally. @ https://linear.app/:0
[ 1755022ms] [WARNING] The resource https://static.linear.app/web/_next/static/css/fc8bf745806a3a89.css was preloaded using link preload but not used within a few seconds from the window's load event. Please make sure it has an appropriate `as` value and it is preloaded intentionally. @ https://linear.app/:0
[ 1755022ms] [WARNING] The resource https://static.linear.app/web/_next/static/css/39af3cfbed77b5dd.css was preloaded using link preload but not used within a few seconds from the window's load event. Please make sure it has an appropriate `as` value and it is preloaded intentionally. @ https://linear.app/:0
[ 1755022ms] [WARNING] The resource https://static.linear.app/web/_next/static/css/b7fe26f7b7636797.css was preloaded using link preload but not used within a few seconds from the window's load event. Please make sure it has an appropriate `as` value and it is preloaded intentionally. @ https://linear.app/:0
[ 1755022ms] [WARNING] The resource https://static.linear.app/web/_next/static/css/c9cc1de09bd1a962.css was preloaded using link preload but not used within a few seconds from the window's load event. Please make sure it has an appropriate `as` value and it is preloaded intentionally. @ https://linear.app/:0
[ 1755022ms] [WARNING] The resource https://static.linear.app/web/_next/static/css/b5a82a1c2758bb20.css was preloaded using link preload but not used within a few seconds from the window's load event. Please make sure it has an appropriate `as` value and it is preloaded intentionally. @ https://linear.app/:0
[ 1755022ms] [WARNING] The resource https://static.linear.app/web/_next/static/css/6a943a69bb849652.css was preloaded using link preload but not used within a few seconds from the window's load event. Please make sure it has an appropriate `as` value and it is preloaded intentionally. @ https://linear.app/:0
[ 1815027ms] [WARNING] The resource https://static.linear.app/web/_next/static/css/fc8bf745806a3a89.css was preloaded using link preload but not used within a few seconds from the window's load event. Please make sure it has an appropriate `as` value and it is preloaded intentionally. @ https://linear.app/:0
[ 1815027ms] [WARNING] The resource https://static.linear.app/web/_next/static/css/39af3cfbed77b5dd.css was preloaded using link preload but not used within a few seconds from the window's load event. Please make sure it has an appropriate `as` value and it is preloaded intentionally. @ https://linear.app/:0
[ 1815027ms] [WARNING] The resource https://static.linear.app/web/_next/static/css/b7fe26f7b7636797.css was preloaded using link preload but not used within a few seconds from the window's load event. Please make sure it has an appropriate `as` value and it is preloaded intentionally. @ https://linear.app/:0
[ 1815027ms] [WARNING] The resource https://static.linear.app/web/_next/static/css/c9cc1de09bd1a962.css was preloaded using link preload but not used within a few seconds from the window's load event. Please make sure it has an appropriate `as` value and it is preloaded intentionally. @ https://linear.app/:0
[ 1815027ms] [WARNING] The resource https://static.linear.app/web/_next/static/css/b5a82a1c2758bb20.css was preloaded using link preload but not used within a few seconds from the window's load event. Please make sure it has an appropriate `as` value and it is preloaded intentionally. @ https://linear.app/:0
[ 1815027ms] [WARNING] The resource https://static.linear.app/web/_next/static/css/6a943a69bb849652.css was preloaded using link preload but not used within a few seconds from the window's load event. Please make sure it has an appropriate `as` value and it is preloaded intentionally. @ https://linear.app/:0
[ 1875033ms] [WARNING] The resource https://static.linear.app/web/_next/static/css/fc8bf745806a3a89.css was preloaded using link preload but not used within a few seconds from the window's load event. Please make sure it has an appropriate `as` value and it is preloaded intentionally. @ https://linear.app/:0
[ 1875033ms] [WARNING] The resource https://static.linear.app/web/_next/static/css/39af3cfbed77b5dd.css was preloaded using link preload but not used within a few seconds from the window's load event. Please make sure it has an appropriate `as` value and it is preloaded intentionally. @ https://linear.app/:0
[ 1875033ms] [WARNING] The resource https://static.linear.app/web/_next/static/css/b7fe26f7b7636797.css was preloaded using link preload but not used within a few seconds from the window's load event. Please make sure it has an appropriate `as` value and it is preloaded intentionally. @ https://linear.app/:0
[ 1875033ms] [WARNING] The resource https://static.linear.app/web/_next/static/css/c9cc1de09bd1a962.css was preloaded using link preload but not used within a few seconds from the window's load event. Please make sure it has an appropriate `as` value and it is preloaded intentionally. @ https://linear.app/:0
[ 1875033ms] [WARNING] The resource https://static.linear.app/web/_next/static/css/b5a82a1c2758bb20.css was preloaded using link preload but not used within a few seconds from the window's load event. Please make sure it has an appropriate `as` value and it is preloaded intentionally. @ https://linear.app/:0
[ 1875033ms] [WARNING] The resource https://static.linear.app/web/_next/static/css/6a943a69bb849652.css was preloaded using link preload but not used within a few seconds from the window's load event. Please make sure it has an appropriate `as` value and it is preloaded intentionally. @ https://linear.app/:0
[ 1935040ms] [WARNING] The resource https://static.linear.app/web/_next/static/css/fc8bf745806a3a89.css was preloaded using link preload but not used within a few seconds from the window's load event. Please make sure it has an appropriate `as` value and it is preloaded intentionally. @ https://linear.app/:0
[ 1935040ms] [WARNING] The resource https://static.linear.app/web/_next/static/css/39af3cfbed77b5dd.css was preloaded using link preload but not used within a few seconds from the window's load event. Please make sure it has an appropriate `as` value and it is preloaded intentionally. @ https://linear.app/:0
[ 1935040ms] [WARNING] The resource https://static.linear.app/web/_next/static/css/b7fe26f7b7636797.css was preloaded using link preload but not used within a few seconds from the window's load event. Please make sure it has an appropriate `as` value and it is preloaded intentionally. @ https://linear.app/:0
[ 1935040ms] [WARNING] The resource https://static.linear.app/web/_next/static/css/c9cc1de09bd1a962.css was preloaded using link preload but not used within a few seconds from the window's load event. Please make sure it has an appropriate `as` value and it is preloaded intentionally. @ https://linear.app/:0
[ 1935040ms] [WARNING] The resource https://static.linear.app/web/_next/static/css/b5a82a1c2758bb20.css was preloaded using link preload but not used within a few seconds from the window's load event. Please make sure it has an appropriate `as` value and it is preloaded intentionally. @ https://linear.app/:0
[ 1935040ms] [WARNING] The resource https://static.linear.app/web/_next/static/css/6a943a69bb849652.css was preloaded using link preload but not used within a few seconds from the window's load event. Please make sure it has an appropriate `as` value and it is preloaded intentionally. @ https://linear.app/:0
[ 1995058ms] [WARNING] The resource https://static.linear.app/web/_next/static/css/fc8bf745806a3a89.css was preloaded using link preload but not used within a few seconds from the window's load event. Please make sure it has an appropriate `as` value and it is preloaded intentionally. @ https://linear.app/:0
[ 1995058ms] [WARNING] The resource https://static.linear.app/web/_next/static/css/39af3cfbed77b5dd.css was preloaded using link preload but not used within a few seconds from the window's load event. Please make sure it has an appropriate `as` value and it is preloaded intentionally. @ https://linear.app/:0
[ 1995058ms] [WARNING] The resource https://static.linear.app/web/_next/static/css/b7fe26f7b7636797.css was preloaded using link preload but not used within a few seconds from the window's load event. Please make sure it has an appropriate `as` value and it is preloaded intentionally. @ https://linear.app/:0
[ 1995058ms] [WARNING] The resource https://static.linear.app/web/_next/static/css/c9cc1de09bd1a962.css was preloaded using link preload but not used within a few seconds from the window's load event. Please make sure it has an appropriate `as` value and it is preloaded intentionally. @ https://linear.app/:0
[ 1995058ms] [WARNING] The resource https://static.linear.app/web/_next/static/css/b5a82a1c2758bb20.css was preloaded using link preload but not used within a few seconds from the window's load event. Please make sure it has an appropriate `as` value and it is preloaded intentionally. @ https://linear.app/:0
[ 1995058ms] [WARNING] The resource https://static.linear.app/web/_next/static/css/6a943a69bb849652.css was preloaded using link preload but not used within a few seconds from the window's load event. Please make sure it has an appropriate `as` value and it is preloaded intentionally. @ https://linear.app/:0
[ 2055400ms] [WARNING] The resource https://static.linear.app/web/_next/static/css/fc8bf745806a3a89.css was preloaded using link preload but not used within a few seconds from the window's load event. Please make sure it has an appropriate `as` value and it is preloaded intentionally. @ https://linear.app/:0
[ 2055400ms] [WARNING] The resource https://static.linear.app/web/_next/static/css/39af3cfbed77b5dd.css was preloaded using link preload but not used within a few seconds from the window's load event. Please make sure it has an appropriate `as` value and it is preloaded intentionally. @ https://linear.app/:0
[ 2055400ms] [WARNING] The resource https://static.linear.app/web/_next/static/css/b7fe26f7b7636797.css was preloaded using link preload but not used within a few seconds from the window's load event. Please make sure it has an appropriate `as` value and it is preloaded intentionally. @ https://linear.app/:0
[ 2055400ms] [WARNING] The resource https://static.linear.app/web/_next/static/css/c9cc1de09bd1a962.css was preloaded using link preload but not used within a few seconds from the window's load event. Please make sure it has an appropriate `as` value and it is preloaded intentionally. @ https://linear.app/:0
[ 2055400ms] [WARNING] The resource https://static.linear.app/web/_next/static/css/b5a82a1c2758bb20.css was preloaded using link preload but not used within a few seconds from the window's load event. Please make sure it has an appropriate `as` value and it is preloaded intentionally. @ https://linear.app/:0
[ 2055400ms] [WARNING] The resource https://static.linear.app/web/_next/static/css/6a943a69bb849652.css was preloaded using link preload but not used within a few seconds from the window's load event. Please make sure it has an appropriate `as` value and it is preloaded intentionally. @ https://linear.app/:0
[ 2115406ms] [WARNING] The resource https://static.linear.app/web/_next/static/css/fc8bf745806a3a89.css was preloaded using link preload but not used within a few seconds from the window's load event. Please make sure it has an appropriate `as` value and it is preloaded intentionally. @ https://linear.app/:0
[ 2115406ms] [WARNING] The resource https://static.linear.app/web/_next/static/css/39af3cfbed77b5dd.css was preloaded using link preload but not used within a few seconds from the window's load event. Please make sure it has an appropriate `as` value and it is preloaded intentionally. @ https://linear.app/:0
[ 2115406ms] [WARNING] The resource https://static.linear.app/web/_next/static/css/b7fe26f7b7636797.css was preloaded using link preload but not used within a few seconds from the window's load event. Please make sure it has an appropriate `as` value and it is preloaded intentionally. @ https://linear.app/:0
[ 2115406ms] [WARNING] The resource https://static.linear.app/web/_next/static/css/c9cc1de09bd1a962.css was preloaded using link preload but not used within a few seconds from the window's load event. Please make sure it has an appropriate `as` value and it is preloaded intentionally. @ https://linear.app/:0
[ 2115406ms] [WARNING] The resource https://static.linear.app/web/_next/static/css/b5a82a1c2758bb20.css was preloaded using link preload but not used within a few seconds from the window's load event. Please make sure it has an appropriate `as` value and it is preloaded intentionally. @ https://linear.app/:0
[ 2115406ms] [WARNING] The resource https://static.linear.app/web/_next/static/css/6a943a69bb849652.css was preloaded using link preload but not used within a few seconds from the window's load event. Please make sure it has an appropriate `as` value and it is preloaded intentionally. @ https://linear.app/:0
[ 2175403ms] [WARNING] The resource https://static.linear.app/web/_next/static/css/fc8bf745806a3a89.css was preloaded using link preload but not used within a few seconds from the window's load event. Please make sure it has an appropriate `as` value and it is preloaded intentionally. @ https://linear.app/:0
[ 2175403ms] [WARNING] The resource https://static.linear.app/web/_next/static/css/39af3cfbed77b5dd.css was preloaded using link preload but not used within a few seconds from the window's load event. Please make sure it has an appropriate `as` value and it is preloaded intentionally. @ https://linear.app/:0
[ 2175403ms] [WARNING] The resource https://static.linear.app/web/_next/static/css/b7fe26f7b7636797.css was preloaded using link preload but not used within a few seconds from the window's load event. Please make sure it has an appropriate `as` value and it is preloaded intentionally. @ https://linear.app/:0
[ 2175403ms] [WARNING] The resource https://static.linear.app/web/_next/static/css/c9cc1de09bd1a962.css was preloaded using link preload but not used within a few seconds from the window's load event. Please make sure it has an appropriate `as` value and it is preloaded intentionally. @ https://linear.app/:0
[ 2175403ms] [WARNING] The resource https://static.linear.app/web/_next/static/css/b5a82a1c2758bb20.css was preloaded using link preload but not used within a few seconds from the window's load event. Please make sure it has an appropriate `as` value and it is preloaded intentionally. @ https://linear.app/:0
[ 2175403ms] [WARNING] The resource https://static.linear.app/web/_next/static/css/6a943a69bb849652.css was preloaded using link preload but not used within a few seconds from the window's load event. Please make sure it has an appropriate `as` value and it is preloaded intentionally. @ https://linear.app/:0
[ 2235415ms] [WARNING] The resource https://static.linear.app/web/_next/static/css/fc8bf745806a3a89.css was preloaded using link preload but not used within a few seconds from the window's load event. Please make sure it has an appropriate `as` value and it is preloaded intentionally. @ https://linear.app/:0
[ 2235415ms] [WARNING] The resource https://static.linear.app/web/_next/static/css/39af3cfbed77b5dd.css was preloaded using link preload but not used within a few seconds from the window's load event. Please make sure it has an appropriate `as` value and it is preloaded intentionally. @ https://linear.app/:0
[ 2235415ms] [WARNING] The resource https://static.linear.app/web/_next/static/css/b7fe26f7b7636797.css was preloaded using link preload but not used within a few seconds from the window's load event. Please make sure it has an appropriate `as` value and it is preloaded intentionally. @ https://linear.app/:0
[ 2235415ms] [WARNING] The resource https://static.linear.app/web/_next/static/css/c9cc1de09bd1a962.css was preloaded using link preload but not used within a few seconds from the window's load event. Please make sure it has an appropriate `as` value and it is preloaded intentionally. @ https://linear.app/:0
[ 2235415ms] [WARNING] The resource https://static.linear.app/web/_next/static/css/b5a82a1c2758bb20.css was preloaded using link preload but not used within a few seconds from the window's load event. Please make sure it has an appropriate `as` value and it is preloaded intentionally. @ https://linear.app/:0
[ 2235415ms] [WARNING] The resource https://static.linear.app/web/_next/static/css/6a943a69bb849652.css was preloaded using link preload but not used within a few seconds from the window's load event. Please make sure it has an appropriate `as` value and it is preloaded intentionally. @ https://linear.app/:0
[ 2295415ms] [WARNING] The resource https://static.linear.app/web/_next/static/css/fc8bf745806a3a89.css was preloaded using link preload but not used within a few seconds from the window's load event. Please make sure it has an appropriate `as` value and it is preloaded intentionally. @ https://linear.app/:0
[ 2295415ms] [WARNING] The resource https://static.linear.app/web/_next/static/css/39af3cfbed77b5dd.css was preloaded using link preload but not used within a few seconds from the window's load event. Please make sure it has an appropriate `as` value and it is preloaded intentionally. @ https://linear.app/:0
[ 2295415ms] [WARNING] The resource https://static.linear.app/web/_next/static/css/b7fe26f7b7636797.css was preloaded using link preload but not used within a few seconds from the window's load event. Please make sure it has an appropriate `as` value and it is preloaded intentionally. @ https://linear.app/:0
[ 2295415ms] [WARNING] The resource https://static.linear.app/web/_next/static/css/c9cc1de09bd1a962.css was preloaded using link preload but not used within a few seconds from the window's load event. Please make sure it has an appropriate `as` value and it is preloaded intentionally. @ https://linear.app/:0
[ 2295415ms] [WARNING] The resource https://static.linear.app/web/_next/static/css/b5a82a1c2758bb20.css was preloaded using link preload but not used within a few seconds from the window's load event. Please make sure it has an appropriate `as` value and it is preloaded intentionally. @ https://linear.app/:0
[ 2295415ms] [WARNING] The resource https://static.linear.app/web/_next/static/css/6a943a69bb849652.css was preloaded using link preload but not used within a few seconds from the window's load event. Please make sure it has an appropriate `as` value and it is preloaded intentionally. @ https://linear.app/:0
[ 2355791ms] [WARNING] The resource https://static.linear.app/web/_next/static/css/fc8bf745806a3a89.css was preloaded using link preload but not used within a few seconds from the window's load event. Please make sure it has an appropriate `as` value and it is preloaded intentionally. @ https://linear.app/:0
[ 2355791ms] [WARNING] The resource https://static.linear.app/web/_next/static/css/39af3cfbed77b5dd.css was preloaded using link preload but not used within a few seconds from the window's load event. Please make sure it has an appropriate `as` value and it is preloaded intentionally. @ https://linear.app/:0
[ 2355791ms] [WARNING] The resource https://static.linear.app/web/_next/static/css/b7fe26f7b7636797.css was preloaded using link preload but not used within a few seconds from the window's load event. Please make sure it has an appropriate `as` value and it is preloaded intentionally. @ https://linear.app/:0
[ 2355791ms] [WARNING] The resource https://static.linear.app/web/_next/static/css/c9cc1de09bd1a962.css was preloaded using link preload but not used within a few seconds from the window's load event. Please make sure it has an appropriate `as` value and it is preloaded intentionally. @ https://linear.app/:0
[ 2355791ms] [WARNING] The resource https://static.linear.app/web/_next/static/css/b5a82a1c2758bb20.css was preloaded using link preload but not used within a few seconds from the window's load event. Please make sure it has an appropriate `as` value and it is preloaded intentionally. @ https://linear.app/:0
[ 2355791ms] [WARNING] The resource https://static.linear.app/web/_next/static/css/6a943a69bb849652.css was preloaded using link preload but not used within a few seconds from the window's load event. Please make sure it has an appropriate `as` value and it is preloaded intentionally. @ https://linear.app/:0
[ 2415795ms] [WARNING] The resource https://static.linear.app/web/_next/static/css/fc8bf745806a3a89.css was preloaded using link preload but not used within a few seconds from the window's load event. Please make sure it has an appropriate `as` value and it is preloaded intentionally. @ https://linear.app/:0
[ 2415795ms] [WARNING] The resource https://static.linear.app/web/_next/static/css/39af3cfbed77b5dd.css was preloaded using link preload but not used within a few seconds from the window's load event. Please make sure it has an appropriate `as` value and it is preloaded intentionally. @ https://linear.app/:0
[ 2415795ms] [WARNING] The resource https://static.linear.app/web/_next/static/css/b7fe26f7b7636797.css was preloaded using link preload but not used within a few seconds from the window's load event. Please make sure it has an appropriate `as` value and it is preloaded intentionally. @ https://linear.app/:0
[ 2415795ms] [WARNING] The resource https://static.linear.app/web/_next/static/css/c9cc1de09bd1a962.css was preloaded using link preload but not used within a few seconds from the window's load event. Please make sure it has an appropriate `as` value and it is preloaded intentionally. @ https://linear.app/:0
[ 2415795ms] [WARNING] The resource https://static.linear.app/web/_next/static/css/b5a82a1c2758bb20.css was preloaded using link preload but not used within a few seconds from the window's load event. Please make sure it has an appropriate `as` value and it is preloaded intentionally. @ https://linear.app/:0
[ 2415795ms] [WARNING] The resource https://static.linear.app/web/_next/static/css/6a943a69bb849652.css was preloaded using link preload but not used within a few seconds from the window's load event. Please make sure it has an appropriate `as` value and it is preloaded intentionally. @ https://linear.app/:0
[ 2475797ms] [WARNING] The resource https://static.linear.app/web/_next/static/css/fc8bf745806a3a89.css was preloaded using link preload but not used within a few seconds from the window's load event. Please make sure it has an appropriate `as` value and it is preloaded intentionally. @ https://linear.app/:0
[ 2475797ms] [WARNING] The resource https://static.linear.app/web/_next/static/css/39af3cfbed77b5dd.css was preloaded using link preload but not used within a few seconds from the window's load event. Please make sure it has an appropriate `as` value and it is preloaded intentionally. @ https://linear.app/:0
[ 2475797ms] [WARNING] The resource https://static.linear.app/web/_next/static/css/b7fe26f7b7636797.css was preloaded using link preload but not used within a few seconds from the window's load event. Please make sure it has an appropriate `as` value and it is preloaded intentionally. @ https://linear.app/:0
[ 2475797ms] [WARNING] The resource https://static.linear.app/web/_next/static/css/c9cc1de09bd1a962.css was preloaded using link preload but not used within a few seconds from the window's load event. Please make sure it has an appropriate `as` value and it is preloaded intentionally. @ https://linear.app/:0
[ 2475797ms] [WARNING] The resource https://static.linear.app/web/_next/static/css/b5a82a1c2758bb20.css was preloaded using link preload but not used within a few seconds from the window's load event. Please make sure it has an appropriate `as` value and it is preloaded intentionally. @ https://linear.app/:0
[ 2475797ms] [WARNING] The resource https://static.linear.app/web/_next/static/css/6a943a69bb849652.css was preloaded using link preload but not used within a few seconds from the window's load event. Please make sure it has an appropriate `as` value and it is preloaded intentionally. @ https://linear.app/:0
[ 2535808ms] [WARNING] The resource https://static.linear.app/web/_next/static/css/fc8bf745806a3a89.css was preloaded using link preload but not used within a few seconds from the window's load event. Please make sure it has an appropriate `as` value and it is preloaded intentionally. @ https://linear.app/:0
[ 2535809ms] [WARNING] The resource https://static.linear.app/web/_next/static/css/39af3cfbed77b5dd.css was preloaded using link preload but not used within a few seconds from the window's load event. Please make sure it has an appropriate `as` value and it is preloaded intentionally. @ https://linear.app/:0
[ 2535809ms] [WARNING] The resource https://static.linear.app/web/_next/static/css/b7fe26f7b7636797.css was preloaded using link preload but not used within a few seconds from the window's load event. Please make sure it has an appropriate `as` value and it is preloaded intentionally. @ https://linear.app/:0
[ 2535809ms] [WARNING] The resource https://static.linear.app/web/_next/static/css/c9cc1de09bd1a962.css was preloaded using link preload but not used within a few seconds from the window's load event. Please make sure it has an appropriate `as` value and it is preloaded intentionally. @ https://linear.app/:0
[ 2535809ms] [WARNING] The resource https://static.linear.app/web/_next/static/css/b5a82a1c2758bb20.css was preloaded using link preload but not used within a few seconds from the window's load event. Please make sure it has an appropriate `as` value and it is preloaded intentionally. @ https://linear.app/:0
[ 2535809ms] [WARNING] The resource https://static.linear.app/web/_next/static/css/6a943a69bb849652.css was preloaded using link preload but not used within a few seconds from the window's load event. Please make sure it has an appropriate `as` value and it is preloaded intentionally. @ https://linear.app/:0
[ 2595814ms] [WARNING] The resource https://static.linear.app/web/_next/static/css/fc8bf745806a3a89.css was preloaded using link preload but not used within a few seconds from the window's load event. Please make sure it has an appropriate `as` value and it is preloaded intentionally. @ https://linear.app/:0
[ 2595814ms] [WARNING] The resource https://static.linear.app/web/_next/static/css/39af3cfbed77b5dd.css was preloaded using link preload but not used within a few seconds from the window's load event. Please make sure it has an appropriate `as` value and it is preloaded intentionally. @ https://linear.app/:0
[ 2595814ms] [WARNING] The resource https://static.linear.app/web/_next/static/css/b7fe26f7b7636797.css was preloaded using link preload but not used within a few seconds from the window's load event. Please make sure it has an appropriate `as` value and it is preloaded intentionally. @ https://linear.app/:0
[ 2595814ms] [WARNING] The resource https://static.linear.app/web/_next/static/css/c9cc1de09bd1a962.css was preloaded using link preload but not used within a few seconds from the window's load event. Please make sure it has an appropriate `as` value and it is preloaded intentionally. @ https://linear.app/:0
[ 2595814ms] [WARNING] The resource https://static.linear.app/web/_next/static/css/b5a82a1c2758bb20.css was preloaded using link preload but not used within a few seconds from the window's load event. Please make sure it has an appropriate `as` value and it is preloaded intentionally. @ https://linear.app/:0
[ 2595814ms] [WARNING] The resource https://static.linear.app/web/_next/static/css/6a943a69bb849652.css was preloaded using link preload but not used within a few seconds from the window's load event. Please make sure it has an appropriate `as` value and it is preloaded intentionally. @ https://linear.app/:0
[ 2656274ms] [WARNING] The resource https://static.linear.app/web/_next/static/css/fc8bf745806a3a89.css was preloaded using link preload but not used within a few seconds from the window's load event. Please make sure it has an appropriate `as` value and it is preloaded intentionally. @ https://linear.app/:0
[ 2656274ms] [WARNING] The resource https://static.linear.app/web/_next/static/css/39af3cfbed77b5dd.css was preloaded using link preload but not used within a few seconds from the window's load event. Please make sure it has an appropriate `as` value and it is preloaded intentionally. @ https://linear.app/:0
[ 2656274ms] [WARNING] The resource https://static.linear.app/web/_next/static/css/b7fe26f7b7636797.css was preloaded using link preload but not used within a few seconds from the window's load event. Please make sure it has an appropriate `as` value and it is preloaded intentionally. @ https://linear.app/:0
[ 2656274ms] [WARNING] The resource https://static.linear.app/web/_next/static/css/c9cc1de09bd1a962.css was preloaded using link preload but not used within a few seconds from the window's load event. Please make sure it has an appropriate `as` value and it is preloaded intentionally. @ https://linear.app/:0
[ 2656274ms] [WARNING] The resource https://static.linear.app/web/_next/static/css/b5a82a1c2758bb20.css was preloaded using link preload but not used within a few seconds from the window's load event. Please make sure it has an appropriate `as` value and it is preloaded intentionally. @ https://linear.app/:0
[ 2656274ms] [WARNING] The resource https://static.linear.app/web/_next/static/css/6a943a69bb849652.css was preloaded using link preload but not used within a few seconds from the window's load event. Please make sure it has an appropriate `as` value and it is preloaded intentionally. @ https://linear.app/:0
[ 2716279ms] [WARNING] The resource https://static.linear.app/web/_next/static/css/fc8bf745806a3a89.css was preloaded using link preload but not used within a few seconds from the window's load event. Please make sure it has an appropriate `as` value and it is preloaded intentionally. @ https://linear.app/:0
[ 2716279ms] [WARNING] The resource https://static.linear.app/web/_next/static/css/39af3cfbed77b5dd.css was preloaded using link preload but not used within a few seconds from the window's load event. Please make sure it has an appropriate `as` value and it is preloaded intentionally. @ https://linear.app/:0
[ 2716279ms] [WARNING] The resource https://static.linear.app/web/_next/static/css/b7fe26f7b7636797.css was preloaded using link preload but not used within a few seconds from the window's load event. Please make sure it has an appropriate `as` value and it is preloaded intentionally. @ https://linear.app/:0
[ 2716279ms] [WARNING] The resource https://static.linear.app/web/_next/static/css/c9cc1de09bd1a962.css was preloaded using link preload but not used within a few seconds from the window's load event. Please make sure it has an appropriate `as` value and it is preloaded intentionally. @ https://linear.app/:0
[ 2716279ms] [WARNING] The resource https://static.linear.app/web/_next/static/css/b5a82a1c2758bb20.css was preloaded using link preload but not used within a few seconds from the window's load event. Please make sure it has an appropriate `as` value and it is preloaded intentionally. @ https://linear.app/:0
[ 2716279ms] [WARNING] The resource https://static.linear.app/web/_next/static/css/6a943a69bb849652.css was preloaded using link preload but not used within a few seconds from the window's load event. Please make sure it has an appropriate `as` value and it is preloaded intentionally. @ https://linear.app/:0
[ 2776284ms] [WARNING] The resource https://static.linear.app/web/_next/static/css/fc8bf745806a3a89.css was preloaded using link preload but not used within a few seconds from the window's load event. Please make sure it has an appropriate `as` value and it is preloaded intentionally. @ https://linear.app/:0
[ 2776284ms] [WARNING] The resource https://static.linear.app/web/_next/static/css/39af3cfbed77b5dd.css was preloaded using link preload but not used within a few seconds from the window's load event. Please make sure it has an appropriate `as` value and it is preloaded intentionally. @ https://linear.app/:0
[ 2776284ms] [WARNING] The resource https://static.linear.app/web/_next/static/css/b7fe26f7b7636797.css was preloaded using link preload but not used within a few seconds from the window's load event. Please make sure it has an appropriate `as` value and it is preloaded intentionally. @ https://linear.app/:0
[ 2776284ms] [WARNING] The resource https://static.linear.app/web/_next/static/css/c9cc1de09bd1a962.css was preloaded using link preload but not used within a few seconds from the window's load event. Please make sure it has an appropriate `as` value and it is preloaded intentionally. @ https://linear.app/:0
[ 2776284ms] [WARNING] The resource https://static.linear.app/web/_next/static/css/b5a82a1c2758bb20.css was preloaded using link preload but not used within a few seconds from the window's load event. Please make sure it has an appropriate `as` value and it is preloaded intentionally. @ https://linear.app/:0
[ 2776285ms] [WARNING] The resource https://static.linear.app/web/_next/static/css/6a943a69bb849652.css was preloaded using link preload but not used within a few seconds from the window's load event. Please make sure it has an appropriate `as` value and it is preloaded intentionally. @ https://linear.app/:0
[ 2836295ms] [WARNING] The resource https://static.linear.app/web/_next/static/css/fc8bf745806a3a89.css was preloaded using link preload but not used within a few seconds from the window's load event. Please make sure it has an appropriate `as` value and it is preloaded intentionally. @ https://linear.app/:0
[ 2836295ms] [WARNING] The resource https://static.linear.app/web/_next/static/css/39af3cfbed77b5dd.css was preloaded using link preload but not used within a few seconds from the window's load event. Please make sure it has an appropriate `as` value and it is preloaded intentionally. @ https://linear.app/:0
[ 2836295ms] [WARNING] The resource https://static.linear.app/web/_next/static/css/b7fe26f7b7636797.css was preloaded using link preload but not used within a few seconds from the window's load event. Please make sure it has an appropriate `as` value and it is preloaded intentionally. @ https://linear.app/:0
[ 2836295ms] [WARNING] The resource https://static.linear.app/web/_next/static/css/c9cc1de09bd1a962.css was preloaded using link preload but not used within a few seconds from the window's load event. Please make sure it has an appropriate `as` value and it is preloaded intentionally. @ https://linear.app/:0
[ 2836295ms] [WARNING] The resource https://static.linear.app/web/_next/static/css/b5a82a1c2758bb20.css was preloaded using link preload but not used within a few seconds from the window's load event. Please make sure it has an appropriate `as` value and it is preloaded intentionally. @ https://linear.app/:0
[ 2836295ms] [WARNING] The resource https://static.linear.app/web/_next/static/css/6a943a69bb849652.css was preloaded using link preload but not used within a few seconds from the window's load event. Please make sure it has an appropriate `as` value and it is preloaded intentionally. @ https://linear.app/:0
[ 2896310ms] [WARNING] The resource https://static.linear.app/web/_next/static/css/fc8bf745806a3a89.css was preloaded using link preload but not used within a few seconds from the window's load event. Please make sure it has an appropriate `as` value and it is preloaded intentionally. @ https://linear.app/:0
[ 2896310ms] [WARNING] The resource https://static.linear.app/web/_next/static/css/39af3cfbed77b5dd.css was preloaded using link preload but not used within a few seconds from the window's load event. Please make sure it has an appropriate `as` value and it is preloaded intentionally. @ https://linear.app/:0
[ 2896318ms] [WARNING] The resource https://static.linear.app/web/_next/static/css/b7fe26f7b7636797.css was preloaded using link preload but not used within a few seconds from the window's load event. Please make sure it has an appropriate `as` value and it is preloaded intentionally. @ https://linear.app/:0
[ 2896318ms] [WARNING] The resource https://static.linear.app/web/_next/static/css/c9cc1de09bd1a962.css was preloaded using link preload but not used within a few seconds from the window's load event. Please make sure it has an appropriate `as` value and it is preloaded intentionally. @ https://linear.app/:0
[ 2896318ms] [WARNING] The resource https://static.linear.app/web/_next/static/css/b5a82a1c2758bb20.css was preloaded using link preload but not used within a few seconds from the window's load event. Please make sure it has an appropriate `as` value and it is preloaded intentionally. @ https://linear.app/:0
[ 2896318ms] [WARNING] The resource https://static.linear.app/web/_next/static/css/6a943a69bb849652.css was preloaded using link preload but not used within a few seconds from the window's load event. Please make sure it has an appropriate `as` value and it is preloaded intentionally. @ https://linear.app/:0
[ 2956926ms] [WARNING] The resource https://static.linear.app/web/_next/static/css/fc8bf745806a3a89.css was preloaded using link preload but not used within a few seconds from the window's load event. Please make sure it has an appropriate `as` value and it is preloaded intentionally. @ https://linear.app/:0
[ 2956926ms] [WARNING] The resource https://static.linear.app/web/_next/static/css/39af3cfbed77b5dd.css was preloaded using link preload but not used within a few seconds from the window's load event. Please make sure it has an appropriate `as` value and it is preloaded intentionally. @ https://linear.app/:0
[ 2956926ms] [WARNING] The resource https://static.linear.app/web/_next/static/css/b7fe26f7b7636797.css was preloaded using link preload but not used within a few seconds from the window's load event. Please make sure it has an appropriate `as` value and it is preloaded intentionally. @ https://linear.app/:0
[ 2956926ms] [WARNING] The resource https://static.linear.app/web/_next/static/css/c9cc1de09bd1a962.css was preloaded using link preload but not used within a few seconds from the window's load event. Please make sure it has an appropriate `as` value and it is preloaded intentionally. @ https://linear.app/:0
[ 2956926ms] [WARNING] The resource https://static.linear.app/web/_next/static/css/b5a82a1c2758bb20.css was preloaded using link preload but not used within a few seconds from the window's load event. Please make sure it has an appropriate `as` value and it is preloaded intentionally. @ https://linear.app/:0
[ 2956926ms] [WARNING] The resource https://static.linear.app/web/_next/static/css/6a943a69bb849652.css was preloaded using link preload but not used within a few seconds from the window's load event. Please make sure it has an appropriate `as` value and it is preloaded intentionally. @ https://linear.app/:0
