[    1984ms] [ERROR] The source list for the Content Security Policy directive 'object-src' contains an invalid source: '//pages.airtable.com'. It will be ignored. @ https://www.airtable.com/:0
[    1984ms] [ERROR] The source list for the Content Security Policy directive 'object-src' contains an invalid source: '//pages.airtable.com'. It will be ignored. @ https://www.airtable.com/:0
[    4441ms] [LOG] Intellimize: Loading webflow loader @ https://www.airtable.com/webflow_loader.js:1
[    4442ms] [LOG] Intellimize: Checking if in iframe @ https://www.airtable.com/webflow_loader.js:15
[    4442ms] [LOG] Intellimize: Checking Transcend tcm cookie @ https://www.airtable.com/webflow_loader.js:50
[    4442ms] [LOG] Intellimize: Checking OneTrust OptanonConsent cookie @ https://www.airtable.com/webflow_loader.js:70
[    4442ms] [LOG] Intellimize: User has not opted in @ https://www.airtable.com/webflow_loader.js:94
[    8444ms] [ERROR] The source list for the Content Security Policy directive 'object-src' contains an invalid source: '//pages.airtable.com'. It will be ignored. @ https://js.qualified.com/qualified.js?token=bhFVoN1cyFKKDaNW:6
[    8444ms] [ERROR] The source list for the Content Security Policy directive 'object-src' contains an invalid source: '//pages.airtable.com'. It will be ignored. @ https://js.qualified.com/qualified.js?token=bhFVoN1cyFKKDaNW:6
[    8444ms] [ERROR] The source list for the Content Security Policy directive 'object-src' contains an invalid source: '//pages.airtable.com'. It will be ignored. @ https://js.qualified.com/qualified.js?token=bhFVoN1cyFKKDaNW:6
[    8444ms] [ERROR] The source list for the Content Security Policy directive 'object-src' contains an invalid source: '//pages.airtable.com'. It will be ignored. @ https://js.qualified.com/qualified.js?token=bhFVoN1cyFKKDaNW:6
[   12570ms] [WARNING] react-i18next:: useTranslation: You will need to pass in an i18next instance by using initReactI18next {code: NO_I18NEXT_INSTANCE} @ https://www.airtable.com/_next/static/chunks/0hafu7udzcdue.js?dpl=dpl_HEf8F9M2mZTzNjDVEaDENksK2sB7:0
[   45313ms] [WARNING] The resource https://cdn.intellimize.co/snippet/117868712.js was preloaded using link preload but not used within a few seconds from the window's load event. Please make sure it has an appropriate `as` value and it is preloaded intentionally. @ https://www.airtable.com/:0
[   48335ms] [WARNING] The resource https://cdn.intellimize.co/snippet/117868712.js was preloaded using link preload but not used within a few seconds from the window's load event. Please make sure it has an appropriate `as` value and it is preloaded intentionally. @ https://www.airtable.com/:0
[   51573ms] [WARNING] The resource https://cdn.intellimize.co/snippet/117868712.js was preloaded using link preload but not used within a few seconds from the window's load event. Please make sure it has an appropriate `as` value and it is preloaded intentionally. @ https://www.airtable.com/:0
[   60327ms] [WARNING] The resource https://cdn.intellimize.co/snippet/117868712.js was preloaded using link preload but not used within a few seconds from the window's load event. Please make sure it has an appropriate `as` value and it is preloaded intentionally. @ https://www.airtable.com/:0
[   69314ms] [WARNING] The resource https://cdn.intellimize.co/snippet/117868712.js was preloaded using link preload but not used within a few seconds from the window's load event. Please make sure it has an appropriate `as` value and it is preloaded intentionally. @ https://www.airtable.com/:0
[   79006ms] [WARNING] The resource https://cdn.intellimize.co/snippet/117868712.js was preloaded using link preload but not used within a few seconds from the window's load event. Please make sure it has an appropriate `as` value and it is preloaded intentionally. @ https://www.airtable.com/:0
[   87374ms] [WARNING] The resource https://cdn.intellimize.co/snippet/117868712.js was preloaded using link preload but not used within a few seconds from the window's load event. Please make sure it has an appropriate `as` value and it is preloaded intentionally. @ https://www.airtable.com/:0
[   93509ms] [WARNING] The resource https://cdn.intellimize.co/snippet/117868712.js was preloaded using link preload but not used within a few seconds from the window's load event. Please make sure it has an appropriate `as` value and it is preloaded intentionally. @ https://www.airtable.com/:0
[   96922ms] [WARNING] The resource https://cdn.intellimize.co/snippet/117868712.js was preloaded using link preload but not used within a few seconds from the window's load event. Please make sure it has an appropriate `as` value and it is preloaded intentionally. @ https://www.airtable.com/:0
[  105326ms] [WARNING] The resource https://cdn.intellimize.co/snippet/117868712.js was preloaded using link preload but not used within a few seconds from the window's load event. Please make sure it has an appropriate `as` value and it is preloaded intentionally. @ https://www.airtable.com/:0
[  114351ms] [WARNING] The resource https://cdn.intellimize.co/snippet/117868712.js was preloaded using link preload but not used within a few seconds from the window's load event. Please make sure it has an appropriate `as` value and it is preloaded intentionally. @ https://www.airtable.com/:0
[  123334ms] [WARNING] The resource https://cdn.intellimize.co/snippet/117868712.js was preloaded using link preload but not used within a few seconds from the window's load event. Please make sure it has an appropriate `as` value and it is preloaded intentionally. @ https://www.airtable.com/:0
[  132340ms] [WARNING] The resource https://cdn.intellimize.co/snippet/117868712.js was preloaded using link preload but not used within a few seconds from the window's load event. Please make sure it has an appropriate `as` value and it is preloaded intentionally. @ https://www.airtable.com/:0
[  141324ms] [WARNING] The resource https://cdn.intellimize.co/snippet/117868712.js was preloaded using link preload but not used within a few seconds from the window's load event. Please make sure it has an appropriate `as` value and it is preloaded intentionally. @ https://www.airtable.com/:0
[  153491ms] [WARNING] The resource https://cdn.intellimize.co/snippet/117868712.js was preloaded using link preload but not used within a few seconds from the window's load event. Please make sure it has an appropriate `as` value and it is preloaded intentionally. @ https://www.airtable.com/:0
[  168364ms] [WARNING] The resource https://cdn.intellimize.co/snippet/117868712.js was preloaded using link preload but not used within a few seconds from the window's load event. Please make sure it has an appropriate `as` value and it is preloaded intentionally. @ https://www.airtable.com/:0
[  195333ms] [WARNING] The resource https://cdn.intellimize.co/snippet/117868712.js was preloaded using link preload but not used within a few seconds from the window's load event. Please make sure it has an appropriate `as` value and it is preloaded intentionally. @ https://www.airtable.com/:0
[  214378ms] [WARNING] The resource https://cdn.intellimize.co/snippet/117868712.js was preloaded using link preload but not used within a few seconds from the window's load event. Please make sure it has an appropriate `as` value and it is preloaded intentionally. @ https://www.airtable.com/:0
[  222342ms] [WARNING] The resource https://cdn.intellimize.co/snippet/117868712.js was preloaded using link preload but not used within a few seconds from the window's load event. Please make sure it has an appropriate `as` value and it is preloaded intentionally. @ https://www.airtable.com/:0
[  249349ms] [WARNING] The resource https://cdn.intellimize.co/snippet/117868712.js was preloaded using link preload but not used within a few seconds from the window's load event. Please make sure it has an appropriate `as` value and it is preloaded intentionally. @ https://www.airtable.com/:0
[  276349ms] [WARNING] The resource https://cdn.intellimize.co/snippet/117868712.js was preloaded using link preload but not used within a few seconds from the window's load event. Please make sure it has an appropriate `as` value and it is preloaded intentionally. @ https://www.airtable.com/:0
[  303343ms] [WARNING] The resource https://cdn.intellimize.co/snippet/117868712.js was preloaded using link preload but not used within a few seconds from the window's load event. Please make sure it has an appropriate `as` value and it is preloaded intentionally. @ https://www.airtable.com/:0
[  330351ms] [WARNING] The resource https://cdn.intellimize.co/snippet/117868712.js was preloaded using link preload but not used within a few seconds from the window's load event. Please make sure it has an appropriate `as` value and it is preloaded intentionally. @ https://www.airtable.com/:0
[  358077ms] [WARNING] The resource https://cdn.intellimize.co/snippet/117868712.js was preloaded using link preload but not used within a few seconds from the window's load event. Please make sure it has an appropriate `as` value and it is preloaded intentionally. @ https://www.airtable.com/:0
[  384357ms] [WARNING] The resource https://cdn.intellimize.co/snippet/117868712.js was preloaded using link preload but not used within a few seconds from the window's load event. Please make sure it has an appropriate `as` value and it is preloaded intentionally. @ https://www.airtable.com/:0
[  411353ms] [WARNING] The resource https://cdn.intellimize.co/snippet/117868712.js was preloaded using link preload but not used within a few seconds from the window's load event. Please make sure it has an appropriate `as` value and it is preloaded intentionally. @ https://www.airtable.com/:0
[  492352ms] [WARNING] The resource https://cdn.intellimize.co/snippet/117868712.js was preloaded using link preload but not used within a few seconds from the window's load event. Please make sure it has an appropriate `as` value and it is preloaded intentionally. @ https://www.airtable.com/:0
[  573365ms] [WARNING] The resource https://cdn.intellimize.co/snippet/117868712.js was preloaded using link preload but not used within a few seconds from the window's load event. Please make sure it has an appropriate `as` value and it is preloaded intentionally. @ https://www.airtable.com/:0
[  654424ms] [WARNING] The resource https://cdn.intellimize.co/snippet/117868712.js was preloaded using link preload but not used within a few seconds from the window's load event. Please make sure it has an appropriate `as` value and it is preloaded intentionally. @ https://www.airtable.com/:0
[  735367ms] [WARNING] The resource https://cdn.intellimize.co/snippet/117868712.js was preloaded using link preload but not used within a few seconds from the window's load event. Please make sure it has an appropriate `as` value and it is preloaded intentionally. @ https://www.airtable.com/:0
[  817277ms] [WARNING] The resource https://cdn.intellimize.co/snippet/117868712.js was preloaded using link preload but not used within a few seconds from the window's load event. Please make sure it has an appropriate `as` value and it is preloaded intentionally. @ https://www.airtable.com/:0
[  897362ms] [WARNING] The resource https://cdn.intellimize.co/snippet/117868712.js was preloaded using link preload but not used within a few seconds from the window's load event. Please make sure it has an appropriate `as` value and it is preloaded intentionally. @ https://www.airtable.com/:0
[  978652ms] [WARNING] The resource https://cdn.intellimize.co/snippet/117868712.js was preloaded using link preload but not used within a few seconds from the window's load event. Please make sure it has an appropriate `as` value and it is preloaded intentionally. @ https://www.airtable.com/:0
[ 1059432ms] [WARNING] The resource https://cdn.intellimize.co/snippet/117868712.js was preloaded using link preload but not used within a few seconds from the window's load event. Please make sure it has an appropriate `as` value and it is preloaded intentionally. @ https://www.airtable.com/:0
[ 1140376ms] [WARNING] The resource https://cdn.intellimize.co/snippet/117868712.js was preloaded using link preload but not used within a few seconds from the window's load event. Please make sure it has an appropriate `as` value and it is preloaded intentionally. @ https://www.airtable.com/:0
[ 1221430ms] [WARNING] The resource https://cdn.intellimize.co/snippet/117868712.js was preloaded using link preload but not used within a few seconds from the window's load event. Please make sure it has an appropriate `as` value and it is preloaded intentionally. @ https://www.airtable.com/:0
[ 1465020ms] [WARNING] The resource https://cdn.intellimize.co/snippet/117868712.js was preloaded using link preload but not used within a few seconds from the window's load event. Please make sure it has an appropriate `as` value and it is preloaded intentionally. @ https://www.airtable.com/:0
[ 1707601ms] [WARNING] The resource https://cdn.intellimize.co/snippet/117868712.js was preloaded using link preload but not used within a few seconds from the window's load event. Please make sure it has an appropriate `as` value and it is preloaded intentionally. @ https://www.airtable.com/:0
[ 1814171ms] [WARNING] The resource https://cdn.intellimize.co/snippet/117868712.js was preloaded using link preload but not used within a few seconds from the window's load event. Please make sure it has an appropriate `as` value and it is preloaded intentionally. @ https://www.airtable.com/:0
[ 1950979ms] [WARNING] The resource https://cdn.intellimize.co/snippet/117868712.js was preloaded using link preload but not used within a few seconds from the window's load event. Please make sure it has an appropriate `as` value and it is preloaded intentionally. @ https://www.airtable.com/:0
[ 2193814ms] [WARNING] The resource https://cdn.intellimize.co/snippet/117868712.js was preloaded using link preload but not used within a few seconds from the window's load event. Please make sure it has an appropriate `as` value and it is preloaded intentionally. @ https://www.airtable.com/:0
[ 2437816ms] [WARNING] The resource https://cdn.intellimize.co/snippet/117868712.js was preloaded using link preload but not used within a few seconds from the window's load event. Please make sure it has an appropriate `as` value and it is preloaded intentionally. @ https://www.airtable.com/:0
[ 2680140ms] [WARNING] The resource https://cdn.intellimize.co/snippet/117868712.js was preloaded using link preload but not used within a few seconds from the window's load event. Please make sure it has an appropriate `as` value and it is preloaded intentionally. @ https://www.airtable.com/:0
[ 2922852ms] [WARNING] The resource https://cdn.intellimize.co/snippet/117868712.js was preloaded using link preload but not used within a few seconds from the window's load event. Please make sure it has an appropriate `as` value and it is preloaded intentionally. @ https://www.airtable.com/:0
